<?xml version="1.0" encoding="UTF-8"?>
<testsuite xmlns:xsi="http://www.w3.org/2001/XMLSchema-instance" xsi:noNamespaceSchemaLocation="https://maven.apache.org/surefire/maven-surefire-plugin/xsd/surefire-test-report-3.0.xsd" version="3.0" name="edu.cmu.cs.cs214.rec02.IntQueueTest" time="0.102" tests="9" errors="0" skipped="0" failures="0">
  <properties>
[...]
</properties>
  <testcase name="testNotEmpty" classname="edu.cmu.cs.cs214.rec02.IntQueueTest" time="0.0"/>
  <testcase name="testEnqueue" classname="edu.cmu.cs.cs214.rec02.IntQueueTest" time="0.0"/>
  <testcase name="testQueueResize" classname="edu.cmu.cs.cs214.rec02.IntQueueTest" time="0.0"/>
  <testcase name="testMultipleDequeue" classname="edu.cmu.cs.cs214.rec02.IntQueueTest" time="0.0"/>
  <testcase name="testPeekNoEmptyQueue" classname="edu.cmu.cs.cs214.rec02.IntQueueTest" time="0.0"/>
  <testcase name="testPeekEmptyQueue" classname="edu.cmu.cs.cs214.rec02.IntQueueTest" time="0.0"/>
  <testcase name="testContent" classname="edu.cmu.cs.cs214.rec02.IntQueueTest" time="0.0"/>
  <testcase name="testDequeue" classname="edu.cmu.cs.cs214.rec02.IntQueueTest" time="0.0"/>
  <testcase name="testIsEmpty" classname="edu.cmu.cs.cs214.rec02.IntQueueTest" time="0.0"/>
</testsuite>